<?xml version="1.0" encoding="UTF-8"?>
<coverage generated="1699631394744" clover="3.2.0">
  <project timestamp="1699631394744" name="All files">
    <metrics statements="10" coveredstatements="9" conditionals="4" coveredconditionals="3" methods="1" coveredmethods="1" elements="15" coveredelements="13" complexity="0" loc="10" ncloc="10" packages="1" files="1" classes="1"/>
    <file name="isInternal.ts" path="/home/rolandgolla/Development/contribute/cypress-ncatestify-plugin/src/utils/isInternal.ts">
      <metrics statements="10" coveredstatements="9" conditionals="4" coveredconditionals="3" methods="1" coveredmethods="1"/>
      <line num="1" count="1" type="stmt"/>
      <line num="3" count="4" type="stmt"/>
      <line num="6" count="4" type="stmt"/>
      <line num="9" count="4" type="stmt"/>
      <line num="11" count="4" type="cond" truecount="1" falsecount="0"/>
      <line num="13" count="1" type="stmt"/>
      <line num="16" count="1" type="cond" truecount="0" falsecount="1"/>
      <line num="17" count="0" type="stmt"/>
      <line num="21" count="1" type="stmt"/>
      <line num="25" count="3" type="cond" truecount="2" falsecount="0"/>
    </file>
  </project>
</coverage>
