{"/home/rolandgolla/Development/contribute/cypress-ncatestify-plugin/src/utils/isInternal.ts": {"path":"/home/rolandgolla/Development/contribute/cypress-ncatestify-plugin/src/utils/isInternal.ts","statementMap":{"0":{"start":{"line":1,"column":26},"end":{"line":26,"column":1}},"1":{"start":{"line":3,"column":24},"end":{"line":3,"column":77}},"2":{"start":{"line":6,"column":16},"end":{"line":6,"column":56}},"3":{"start":{"line":9,"column":16},"end":{"line":9,"column":32}},"4":{"start":{"line":11,"column":2},"end":{"line":22,"column":null}},"5":{"start":{"line":13,"column":22},"end":{"line":13,"column":30}},"6":{"start":{"line":16,"column":4},"end":{"line":18,"column":null}},"7":{"start":{"line":17,"column":6},"end":{"line":17,"column":null}},"8":{"start":{"line":21,"column":4},"end":{"line":21,"column":null}},"9":{"start":{"line":25,"column":2},"end":{"line":25,"column":null}},"10":{"start":{"line":1,"column":13},"end":{"line":1,"column":26}}},"fnMap":{"0":{"name":"(anonymous_0)","decl":{"start":{"line":1,"column":26},"end":{"line":1,"column":27}},"loc":{"start":{"line":1,"column":51},"end":{"line":26,"column":1}}}},"branchMap":{"0":{"loc":{"start":{"line":11,"column":2},"end":{"line":22,"column":null}},"type":"if","locations":[{"start":{"line":11,"column":2},"end":{"line":22,"column":null}}]},"1":{"loc":{"start":{"line":16,"column":4},"end":{"line":18,"column":null}},"type":"if","locations":[{"start":{"line":16,"column":4},"end":{"line":18,"column":null}}]},"2":{"loc":{"start":{"line":25,"column":9},"end":{"line":25,"column":59}},"type":"binary-expr","locations":[{"start":{"line":25,"column":9},"end":{"line":25,"column":28}},{"start":{"line":25,"column":32},"end":{"line":25,"column":59}}]}},"s":{"0":1,"1":4,"2":4,"3":4,"4":4,"5":1,"6":1,"7":0,"8":1,"9":3,"10":1},"f":{"0":4},"b":{"0":[1],"1":[0],"2":[3,1]}}
}
